<?xml version="1.0" encoding="UTF-8"?>
<testng-results ignored="0" total="5" passed="5" failed="0" skipped="0">
  <reporter-output>
  </reporter-output>
  <suite started-at="2021-05-26T12:39:57 IST" name="Default suite" finished-at="2021-05-26T12:40:10 IST" duration-ms="12776">
    <groups>
    </groups>
    <test started-at="2021-05-26T12:39:57 IST" name="Default test" finished-at="2021-05-26T12:40:10 IST" duration-ms="12776">
      <class name="com.comcast.RMGYTests.CreateMultipleProjectsUsingDataProvider">
        <test-method signature="createMutltipleProjects(java.lang.String,java.lang.String,int)[pri:0, instance:com.comcast.RMGYTests.CreateMultipleProjectsUsingDataProvider@20f5239f]" started-at="2021-05-26T12:39:57 IST" name="createMutltipleProjects" data-provider="provideData" finished-at="2021-05-26T12:40:09 IST" duration-ms="11548" status="PASS">
          <params>
            <param index="0">
              <value>
                <![CDATA[Supriya]]>
              </value>
            </param>
            <param index="1">
              <value>
                <![CDATA[Accenture]]>
              </value>
            </param>
            <param index="2">
              <value>
                <![CDATA[23]]>
              </value>
            </param>
          </params>
          <reporter-output>
          </reporter-output>
        </test-method> <!-- createMutltipleProjects -->
        <test-method signature="createMutltipleProjects(java.lang.String,java.lang.String,int)[pri:0, instance:com.comcast.RMGYTests.CreateMultipleProjectsUsingDataProvider@20f5239f]" started-at="2021-05-26T12:40:09 IST" name="createMutltipleProjects" data-provider="provideData" finished-at="2021-05-26T12:40:09 IST" duration-ms="293" status="PASS">
          <params>
            <param index="0">
              <value>
                <![CDATA[rincy]]>
              </value>
            </param>
            <param index="1">
              <value>
                <![CDATA[Dell]]>
              </value>
            </param>
            <param index="2">
              <value>
                <![CDATA[12]]>
              </value>
            </param>
          </params>
          <reporter-output>
          </reporter-output>
        </test-method> <!-- createMutltipleProjects -->
        <test-method signature="createMutltipleProjects(java.lang.String,java.lang.String,int)[pri:0, instance:com.comcast.RMGYTests.CreateMultipleProjectsUsingDataProvider@20f5239f]" started-at="2021-05-26T12:40:09 IST" name="createMutltipleProjects" data-provider="provideData" finished-at="2021-05-26T12:40:10 IST" duration-ms="181" status="PASS">
          <params>
            <param index="0">
              <value>
                <![CDATA[Satyajit]]>
              </value>
            </param>
            <param index="1">
              <value>
                <![CDATA[Capgemini]]>
              </value>
            </param>
            <param index="2">
              <value>
                <![CDATA[60]]>
              </value>
            </param>
          </params>
          <reporter-output>
          </reporter-output>
        </test-method> <!-- createMutltipleProjects -->
        <test-method signature="createMutltipleProjects(java.lang.String,java.lang.String,int)[pri:0, instance:com.comcast.RMGYTests.CreateMultipleProjectsUsingDataProvider@20f5239f]" started-at="2021-05-26T12:40:10 IST" name="createMutltipleProjects" data-provider="provideData" finished-at="2021-05-26T12:40:10 IST" duration-ms="344" status="PASS">
          <params>
            <param index="0">
              <value>
                <![CDATA[Manika]]>
              </value>
            </param>
            <param index="1">
              <value>
                <![CDATA[Tata Elexi]]>
              </value>
            </param>
            <param index="2">
              <value>
                <![CDATA[15]]>
              </value>
            </param>
          </params>
          <reporter-output>
          </reporter-output>
        </test-method> <!-- createMutltipleProjects -->
        <test-method signature="createMutltipleProjects(java.lang.String,java.lang.String,int)[pri:0, instance:com.comcast.RMGYTests.CreateMultipleProjectsUsingDataProvider@20f5239f]" started-at="2021-05-26T12:40:10 IST" name="createMutltipleProjects" data-provider="provideData" finished-at="2021-05-26T12:40:10 IST" duration-ms="176" status="PASS">
          <params>
            <param index="0">
              <value>
                <![CDATA[Ashwini]]>
              </value>
            </param>
            <param index="1">
              <value>
                <![CDATA[RMG]]>
              </value>
            </param>
            <param index="2">
              <value>
                <![CDATA[30]]>
              </value>
            </param>
          </params>
          <reporter-output>
          </reporter-output>
        </test-method> <!-- createMutltipleProjects -->
      </class> <!-- com.comcast.RMGYTests.CreateMultipleProjectsUsingDataProvider -->
    </test> <!-- Default test -->
  </suite> <!-- Default suite -->
</testng-results>
