<?xml version="1.0" encoding="UTF-8"?>
<testng-results ignored="0" total="1" passed="1" failed="0" skipped="0">
  <reporter-output>
  </reporter-output>
  <suite started-at="2021-05-27T14:26:44 IST" name="Default suite" finished-at="2021-05-27T14:26:51 IST" duration-ms="6963">
    <groups>
    </groups>
    <test started-at="2021-05-27T14:26:44 IST" name="Default test" finished-at="2021-05-27T14:26:51 IST" duration-ms="6963">
      <class name="com.comcast.ParameterAuthentication.Oath2Authentication">
        <test-method signature="oath2Test()[pri:0, instance:com.comcast.ParameterAuthentication.Oath2Authentication@693fe6c9]" started-at="2021-05-27T14:26:44 IST" name="oath2Test" finished-at="2021-05-27T14:26:50 IST" duration-ms="6859" status="PASS">
          <reporter-output>
          </reporter-output>
        </test-method> <!-- oath2Test -->
      </class> <!-- com.comcast.ParameterAuthentication.Oath2Authentication -->
    </test> <!-- Default test -->
  </suite> <!-- Default suite -->
</testng-results>
