<?xml version="1.0" encoding="UTF-8"?>
<!-- Generated by org.testng.reporters.JUnitXMLReporter -->
<testsuite ignored="0" hostname="hp-pc" failures="0" tests="5" name="Default test" time="12.776" errors="0" timestamp="2021-05-26T12:40:10 IST">
  <testcase classname="com.comcast.RMGYTests.CreateMultipleProjectsUsingDataProvider" name="createMutltipleProjects" time="11.548"/>
  <testcase classname="com.comcast.RMGYTests.CreateMultipleProjectsUsingDataProvider" name="createMutltipleProjects" time="0.293"/>
  <testcase classname="com.comcast.RMGYTests.CreateMultipleProjectsUsingDataProvider" name="createMutltipleProjects" time="0.181"/>
  <testcase classname="com.comcast.RMGYTests.CreateMultipleProjectsUsingDataProvider" name="createMutltipleProjects" time="0.344"/>
  <testcase classname="com.comcast.RMGYTests.CreateMultipleProjectsUsingDataProvider" name="createMutltipleProjects" time="0.176"/>
</testsuite> <!-- Default test -->
